1501668008551	geckodriver	INFO	geckodriver 0.18.0
1501668008566	geckodriver	INFO	Listening on 127.0.0.1:51899
1501668010574	geckodriver::marionette	INFO	Starting browser C:\Program Files (x86)\Mozilla Firefox\firefox.exe with args ["-marionette"]
1501668010882	addons.manager	DEBUG	Application has been upgraded
1501668010938	addons.manager	DEBUG	Loaded provider scope for resource://gre/modules/addons/XPIProvider.jsm: ["XPIProvider"]
1501668010940	addons.manager	DEBUG	Loaded provider scope for resource://gre/modules/LightweightThemeManager.jsm: ["LightweightThemeManager"]
1501668010943	addons.manager	DEBUG	Loaded provider scope for resource://gre/modules/addons/GMPProvider.jsm
1501668010945	addons.manager	DEBUG	Loaded provider scope for resource://gre/modules/addons/PluginProvider.jsm
1501668010945	addons.manager	DEBUG	Starting provider: XPIProvider
1501668010945	addons.xpi	DEBUG	startup
1501668010946	addons.xpi	INFO	Removing all system add-on upgrades.
1501668010946	addons.xpi	INFO	SystemAddonInstallLocation directory is missing
1501668010947	addons.xpi	INFO	Mapping aushelper@mozilla.org to C:\Program Files (x86)\Mozilla Firefox\browser\features\aushelper@mozilla.org.xpi
1501668010948	addons.xpi	INFO	Mapping e10srollout@mozilla.org to C:\Program Files (x86)\Mozilla Firefox\browser\features\e10srollout@mozilla.org.xpi
1501668010948	addons.xpi	INFO	Mapping firefox@getpocket.com to C:\Program Files (x86)\Mozilla Firefox\browser\features\firefox@getpocket.com.xpi
1501668010948	addons.xpi	INFO	Mapping screenshots@mozilla.org to C:\Program Files (x86)\Mozilla Firefox\browser\features\screenshots@mozilla.org.xpi
1501668010948	addons.xpi	INFO	Mapping webcompat@mozilla.org to C:\Program Files (x86)\Mozilla Firefox\browser\features\webcompat@mozilla.org.xpi
1501668010949	addons.xpi	INFO	Mapping {972ce4c6-7e08-4474-a285-3208198ce6fd} to C:\Program Files (x86)\Mozilla Firefox\browser\extensions\{972ce4c6-7e08-4474-a285-3208198ce6fd}.xpi
1501668010950	addons.xpi	DEBUG	checkForChanges
1501668010950	addons.xpi	INFO	SystemAddonInstallLocation directory is missing
1501668010951	addons.xpi	DEBUG	Loaded add-on state from prefs: {}
1501668010951	addons.xpi	DEBUG	New add-on aushelper@mozilla.org in app-system-defaults
1501668010952	addons.xpi	DEBUG	getModTime: Recursive scan of aushelper@mozilla.org
1501668010952	addons.xpi	DEBUG	New add-on e10srollout@mozilla.org in app-system-defaults
1501668010953	addons.xpi	DEBUG	getModTime: Recursive scan of e10srollout@mozilla.org
1501668010953	addons.xpi	DEBUG	New add-on firefox@getpocket.com in app-system-defaults
1501668010954	addons.xpi	DEBUG	getModTime: Recursive scan of firefox@getpocket.com
1501668010954	addons.xpi	DEBUG	New add-on screenshots@mozilla.org in app-system-defaults
1501668010954	addons.xpi	DEBUG	getModTime: Recursive scan of screenshots@mozilla.org
1501668010955	addons.xpi	DEBUG	New add-on webcompat@mozilla.org in app-system-defaults
1501668010955	addons.xpi	DEBUG	getModTime: Recursive scan of webcompat@mozilla.org
1501668010955	addons.xpi	DEBUG	New add-on {972ce4c6-7e08-4474-a285-3208198ce6fd} in app-global
1501668010956	addons.xpi	DEBUG	getModTime: Recursive scan of {972ce4c6-7e08-4474-a285-3208198ce6fd}
1501668010956	addons.xpi	DEBUG	getInstallState changed: true, state: {"app-system-defaults":{"aushelper@mozilla.org":{"d":"C:\\Program Files (x86)\\Mozilla Firefox\\browser\\features\\aushelper@mozilla.org.xpi","st":1498673628573},"e10srollout@mozilla.org":{"d":"C:\\Program Files (x86)\\Mozilla Firefox\\browser\\features\\e10srollout@mozilla.org.xpi","st":1498673628579},"firefox@getpocket.com":{"d":"C:\\Program Files (x86)\\Mozilla Firefox\\browser\\features\\firefox@getpocket.com.xpi","st":1498673629323},"screenshots@mozilla.org":{"d":"C:\\Program Files (x86)\\Mozilla Firefox\\browser\\features\\screenshots@mozilla.org.xpi","st":1498673629807},"webcompat@mozilla.org":{"d":"C:\\Program Files (x86)\\Mozilla Firefox\\browser\\features\\webcompat@mozilla.org.xpi","st":1498673628631}},"app-global":{"{972ce4c6-7e08-4474-a285-3208198ce6fd}":{"d":"C:\\Program Files (x86)\\Mozilla Firefox\\browser\\extensions\\{972ce4c6-7e08-4474-a285-3208198ce6fd}.xpi","st":1498673628608}}}
1501668010963	addons.xpi-utils	DEBUG	Opening XPI database C:\Users\RICHAR~1\AppData\Local\Temp\rust_mozprofile.LURVqwUnyNzA\extensions.json
1501668010965	addons.xpi-utils	DEBUG	New add-on aushelper@mozilla.org installed in app-system-defaults
*** Blocklist::_loadBlocklistFromFile: blocklist is disabled
1501668010975	DeferredSave.extensions.json	DEBUG	Save changes
1501668010975	addons.xpi-utils	DEBUG	New add-on e10srollout@mozilla.org installed in app-system-defaults
1501668010979	DeferredSave.extensions.json	DEBUG	Starting timer
1501668010980	DeferredSave.extensions.json	DEBUG	Save changes
1501668010980	addons.xpi-utils	DEBUG	New add-on firefox@getpocket.com installed in app-system-defaults
1501668010987	DeferredSave.extensions.json	DEBUG	Save changes
1501668010987	addons.xpi-utils	DEBUG	New add-on screenshots@mozilla.org installed in app-system-defaults
1501668010992	DeferredSave.extensions.json	DEBUG	Save changes
1501668010993	addons.xpi-utils	DEBUG	New add-on webcompat@mozilla.org installed in app-system-defaults
1501668010997	DeferredSave.extensions.json	DEBUG	Save changes
1501668010997	addons.xpi-utils	DEBUG	New add-on {972ce4c6-7e08-4474-a285-3208198ce6fd} installed in app-global
1501668011001	DeferredSave.extensions.json	DEBUG	Save changes
1501668011002	addons.manager	DEBUG	Registering startup change 'installed' for aushelper@mozilla.org
1501668011009	addons.xpi	DEBUG	Loading bootstrap scope from C:\Program Files (x86)\Mozilla Firefox\browser\features\aushelper@mozilla.org.xpi
1501668011014	addons.xpi	DEBUG	Calling bootstrap method install on aushelper@mozilla.org version 2.0
1501668011015	addons.xpi-utils	DEBUG	Make addon app-system-defaults:aushelper@mozilla.org visible
1501668011015	DeferredSave.extensions.json	DEBUG	Save changes
1501668011016	addons.manager	DEBUG	Registering startup change 'installed' for e10srollout@mozilla.org
1501668011016	addons.xpi	DEBUG	Loading bootstrap scope from C:\Program Files (x86)\Mozilla Firefox\browser\features\e10srollout@mozilla.org.xpi
1501668011019	addons.xpi	DEBUG	Calling bootstrap method install on e10srollout@mozilla.org version 1.50
1501668011020	addons.xpi-utils	DEBUG	Make addon app-system-defaults:e10srollout@mozilla.org visible
1501668011021	DeferredSave.extensions.json	DEBUG	Save changes
1501668011021	addons.manager	DEBUG	Registering startup change 'installed' for firefox@getpocket.com
1501668011022	addons.xpi	DEBUG	Loading bootstrap scope from C:\Program Files (x86)\Mozilla Firefox\browser\features\firefox@getpocket.com.xpi
1501668011026	addons.xpi	DEBUG	Calling bootstrap method install on firefox@getpocket.com version 1.0.5
1501668011026	addons.xpi-utils	DEBUG	Make addon app-system-defaults:firefox@getpocket.com visible
1501668011026	DeferredSave.extensions.json	DEBUG	Save changes
1501668011026	addons.manager	DEBUG	Registering startup change 'installed' for screenshots@mozilla.org
1501668011027	addons.xpi	DEBUG	Loading bootstrap scope from C:\Program Files (x86)\Mozilla Firefox\browser\features\screenshots@mozilla.org.xpi
1501668011029	addons.xpi	DEBUG	Calling bootstrap method install on screenshots@mozilla.org version 6.6.0
1501668011029	addons.xpi-utils	DEBUG	Make addon app-system-defaults:screenshots@mozilla.org visible
1501668011030	DeferredSave.extensions.json	DEBUG	Save changes
1501668011030	addons.manager	DEBUG	Registering startup change 'installed' for webcompat@mozilla.org
1501668011030	addons.xpi	DEBUG	Loading bootstrap scope from C:\Program Files (x86)\Mozilla Firefox\browser\features\webcompat@mozilla.org.xpi
1501668011032	addons.xpi	DEBUG	Calling bootstrap method install on webcompat@mozilla.org version 1.1
1501668011032	addons.xpi-utils	DEBUG	Make addon app-system-defaults:webcompat@mozilla.org visible
1501668011033	DeferredSave.extensions.json	DEBUG	Save changes
1501668011033	addons.xpi-utils	DEBUG	Make addon app-global:{972ce4c6-7e08-4474-a285-3208198ce6fd} visible
1501668011033	DeferredSave.extensions.json	DEBUG	Save changes
1501668011033	addons.xpi	DEBUG	Updating XPIState for {"id":"aushelper@mozilla.org","syncGUID":"{53d49da7-bbb6-43ca-9597-a5ff8160d1b0}","location":"app-system-defaults","version":"2.0","type":"extension","internalName":null,"updateURL":null,"updateKey":null,"optionsURL":null,"optionsType":null,"aboutURL":null,"icons":{},"iconURL":null,"icon64URL":null,"defaultLocale":{"name":"Application Update Service Helper","description":"Sets value(s) in the update url based on custom checks.","creator":null,"homepageURL":null},"visible":true,"active":true,"userDisabled":false,"appDisabled":false,"descriptor":"C:\\Program Files (x86)\\Mozilla Firefox\\browser\\features\\aushelper@mozilla.org.xpi","installDate":1498673628573,"updateDate":1498673628573,"applyBackgroundUpdates":1,"bootstrap":true,"skinnable":false,"size":8488,"sourceURI":null,"releaseNotesURI":null,"softDisabled":false,"foreignInstall":false,"hasBinaryComponents":false,"strictCompatibility":false,"locales":[],"targetApplications":[{"id":"{ec8030f7-c20a-464f-9b0e-13a3a9e97384}","minVersion":"54.0.1","maxVersion":"54.*"}],"targetPlatforms":[],"multiprocessCompatible":true,"seen":true,"dependencies":[],"hasEmbeddedWebExtension":false,"mpcOptedOut":false,"userPermissions":null}
1501668011034	addons.xpi	DEBUG	getModTime: Recursive scan of aushelper@mozilla.org
1501668011034	addons.xpi	DEBUG	Updating XPIState for {"id":"e10srollout@mozilla.org","syncGUID":"{9d84c016-28b4-4f54-977f-818bb1a17a19}","location":"app-system-defaults","version":"1.50","type":"extension","internalName":null,"updateURL":null,"updateKey":null,"optionsURL":null,"optionsType":null,"aboutURL":null,"icons":{},"iconURL":null,"icon64URL":null,"defaultLocale":{"name":"Multi-process staged rollout","description":"Staged rollout of Firefox multi-process feature.","creator":null,"homepageURL":null},"visible":true,"active":true,"userDisabled":false,"appDisabled":false,"descriptor":"C:\\Program Files (x86)\\Mozilla Firefox\\browser\\features\\e10srollout@mozilla.org.xpi","installDate":1498673628579,"updateDate":1498673628579,"applyBackgroundUpdates":1,"bootstrap":true,"skinnable":false,"size":12519,"sourceURI":null,"releaseNotesURI":null,"softDisabled":false,"foreignInstall":false,"hasBinaryComponents":false,"strictCompatibility":false,"locales":[],"targetApplications":[{"id":"{ec8030f7-c20a-464f-9b0e-13a3a9e97384}","minVersion":"54.0.1","maxVersion":"54.*"}],"targetPlatforms":[],"multiprocessCompatible":true,"seen":true,"dependencies":[],"hasEmbeddedWebExtension":false,"mpcOptedOut":false,"userPermissions":null}
1501668011034	addons.xpi	DEBUG	getModTime: Recursive scan of e10srollout@mozilla.org
1501668011035	addons.xpi	DEBUG	Updating XPIState for {"id":"firefox@getpocket.com","syncGUID":"{418137bc-0a55-4a9d-a027-4c80380691bf}","location":"app-system-defaults","version":"1.0.5","type":"extension","internalName":null,"updateURL":null,"updateKey":null,"optionsURL":null,"optionsType":null,"aboutURL":null,"icons":{},"iconURL":null,"icon64URL":null,"defaultLocale":{"name":"Pocket","description":"When you find something you want to view later, put it in Pocket.","creator":null,"homepageURL":null},"visible":true,"active":true,"userDisabled":false,"appDisabled":false,"descriptor":"C:\\Program Files (x86)\\Mozilla Firefox\\browser\\features\\firefox@getpocket.com.xpi","installDate":1498673629323,"updateDate":1498673629323,"applyBackgroundUpdates":1,"bootstrap":true,"skinnable":false,"size":913952,"sourceURI":null,"releaseNotesURI":null,"softDisabled":false,"foreignInstall":false,"hasBinaryComponents":false,"strictCompatibility":false,"locales":[],"targetApplications":[{"id":"{ec8030f7-c20a-464f-9b0e-13a3a9e97384}","minVersion":"54.0.1","maxVersion":"54.*"}],"targetPlatforms":[],"multiprocessCompatible":true,"seen":true,"dependencies":[],"hasEmbeddedWebExtension":false,"mpcOptedOut":false,"userPermissions":null}
1501668011035	addons.xpi	DEBUG	getModTime: Recursive scan of firefox@getpocket.com
1501668011035	addons.xpi	DEBUG	Updating XPIState for {"id":"screenshots@mozilla.org","syncGUID":"{d214102b-288d-4415-a727-41f0bf996e2b}","location":"app-system-defaults","version":"6.6.0","type":"extension","internalName":null,"updateURL":null,"updateKey":null,"optionsURL":null,"optionsType":null,"aboutURL":null,"icons":{},"iconURL":null,"icon64URL":null,"defaultLocale":{"name":"Firefox Screenshots","description":null,"creator":null,"homepageURL":"https://pageshot.net/"},"visible":true,"active":true,"userDisabled":false,"appDisabled":false,"descriptor":"C:\\Program Files (x86)\\Mozilla Firefox\\browser\\features\\screenshots@mozilla.org.xpi","installDate":1498673629807,"updateDate":1498673629807,"applyBackgroundUpdates":1,"bootstrap":true,"skinnable":false,"size":716271,"sourceURI":null,"releaseNotesURI":null,"softDisabled":false,"foreignInstall":false,"hasBinaryComponents":false,"strictCompatibility":false,"locales":[],"targetApplications":[{"id":"{ec8030f7-c20a-464f-9b0e-13a3a9e97384}","minVersion":"51.0a1","maxVersion":"*"}],"targetPlatforms":[],"multiprocessCompatible":true,"seen":true,"dependencies":[],"hasEmbeddedWebExtension":false,"mpcOptedOut":false,"userPermissions":null}
1501668011035	addons.xpi	DEBUG	getModTime: Recursive scan of screenshots@mozilla.org
1501668011036	addons.xpi	DEBUG	Updating XPIState for {"id":"webcompat@mozilla.org","syncGUID":"{7c5e7f41-83ac-4ba8-b791-2ece80474f39}","location":"app-system-defaults","version":"1.1","type":"extension","internalName":null,"updateURL":null,"updateKey":null,"optionsURL":null,"optionsType":null,"aboutURL":null,"icons":{},"iconURL":null,"icon64URL":null,"defaultLocale":{"name":"Web Compat","description":"Urgent post-release fixes for web compatibility.","creator":null,"homepageURL":null},"visible":true,"active":true,"userDisabled":false,"appDisabled":false,"descriptor":"C:\\Program Files (x86)\\Mozilla Firefox\\browser\\features\\webcompat@mozilla.org.xpi","installDate":1498673628631,"updateDate":1498673628631,"applyBackgroundUpdates":1,"bootstrap":true,"skinnable":false,"size":9006,"sourceURI":null,"releaseNotesURI":null,"softDisabled":false,"foreignInstall":false,"hasBinaryComponents":false,"strictCompatibility":false,"locales":[],"targetApplications":[{"id":"{ec8030f7-c20a-464f-9b0e-13a3a9e97384}","minVersion":"54.0.1","maxVersion":"54.*"}],"targetPlatforms":[],"multiprocessCompatible":true,"seen":true,"dependencies":[],"hasEmbeddedWebExtension":false,"mpcOptedOut":false,"userPermissions":null}
1501668011036	addons.xpi	DEBUG	getModTime: Recursive scan of webcompat@mozilla.org
1501668011036	addons.xpi	DEBUG	Updating XPIState for {"id":"{972ce4c6-7e08-4474-a285-3208198ce6fd}","syncGUID":"{280de517-6f5f-43e1-b58b-85ea44ad2bc8}","location":"app-global","version":"54.0.1","type":"theme","internalName":"classic/1.0","updateURL":null,"updateKey":null,"optionsURL":null,"optionsType":null,"aboutURL":null,"icons":{},"iconURL":"chrome://browser/content/default-theme-icon.svg","icon64URL":null,"defaultLocale":{"name":"Default","description":"The default theme.","creator":"Mozilla","homepageURL":null,"contributors":["Mozilla Contributors"]},"visible":true,"active":true,"userDisabled":false,"appDisabled":false,"descriptor":"C:\\Program Files (x86)\\Mozilla Firefox\\browser\\extensions\\{972ce4c6-7e08-4474-a285-3208198ce6fd}.xpi","installDate":1498673628608,"updateDate":1498673628608,"applyBackgroundUpdates":1,"skinnable":true,"size":8207,"sourceURI":null,"releaseNotesURI":null,"softDisabled":false,"foreignInstall":false,"hasBinaryComponents":false,"strictCompatibility":true,"locales":[],"targetApplications":[{"id":"{ec8030f7-c20a-464f-9b0e-13a3a9e97384}","minVersion":"54.0.1","maxVersion":"54.0.1"}],"targetPlatforms":[],"seen":true,"dependencies":[],"hasEmbeddedWebExtension":false,"userPermissions":null}
1501668011036	addons.xpi	DEBUG	getModTime: Recursive scan of {972ce4c6-7e08-4474-a285-3208198ce6fd}
1501668011037	DeferredSave.extensions.json	DEBUG	Save changes
1501668011037	addons.xpi	DEBUG	Updating database with changes to installed add-ons
1501668011037	addons.xpi-utils	DEBUG	Updating add-on states
1501668011038	addons.xpi-utils	DEBUG	Writing add-ons list
1501668011043	addons.xpi	DEBUG	Registering manifest for C:\Program Files (x86)\Mozilla Firefox\browser\features\aushelper@mozilla.org.xpi
1501668011043	addons.xpi	DEBUG	Calling bootstrap method startup on aushelper@mozilla.org version 2.0
1501668011045	addons.xpi	DEBUG	Registering manifest for C:\Program Files (x86)\Mozilla Firefox\browser\features\e10srollout@mozilla.org.xpi
1501668011046	addons.xpi	DEBUG	Calling bootstrap method startup on e10srollout@mozilla.org version 1.50
1501668011046	addons.xpi	DEBUG	Registering manifest for C:\Program Files (x86)\Mozilla Firefox\browser\features\firefox@getpocket.com.xpi
1501668011047	addons.xpi	DEBUG	Calling bootstrap method startup on firefox@getpocket.com version 1.0.5
1501668011048	addons.xpi	DEBUG	Registering manifest for C:\Program Files (x86)\Mozilla Firefox\browser\features\screenshots@mozilla.org.xpi
1501668011048	addons.xpi	DEBUG	Calling bootstrap method startup on screenshots@mozilla.org version 6.6.0
1501668011048	addons.xpi	DEBUG	Registering manifest for C:\Program Files (x86)\Mozilla Firefox\browser\features\webcompat@mozilla.org.xpi
1501668011049	addons.xpi	DEBUG	Calling bootstrap method startup on webcompat@mozilla.org version 1.1
1501668011053	addons.manager	DEBUG	Registering shutdown blocker for XPIProvider
1501668011054	addons.manager	DEBUG	Provider finished startup: XPIProvider
1501668011055	addons.manager	DEBUG	Starting provider: LightweightThemeManager
1501668011055	addons.manager	DEBUG	Registering shutdown blocker for LightweightThemeManager
1501668011055	addons.manager	DEBUG	Provider finished startup: LightweightThemeManager
1501668011056	addons.manager	DEBUG	Starting provider: GMPProvider
1501668011061	addons.manager	DEBUG	Registering shutdown blocker for GMPProvider
1501668011061	addons.manager	DEBUG	Provider finished startup: GMPProvider
1501668011061	addons.manager	DEBUG	Starting provider: PluginProvider
1501668011061	addons.manager	DEBUG	Registering shutdown blocker for PluginProvider
1501668011061	addons.manager	DEBUG	Provider finished startup: PluginProvider
1501668011062	addons.manager	DEBUG	Completed startup sequence
[GFX1]: Potential driver version mismatch ignored due to missing DLLs igd10umd32 v= and igd10iumd32.dll v=0.0.0.0
1501668011568	addons.manager	DEBUG	Starting provider: <unnamed-provider>
1501668011569	addons.manager	DEBUG	Registering shutdown blocker for <unnamed-provider>
1501668011569	addons.manager	DEBUG	Provider finished startup: <unnamed-provider>
1501668011600	addons.manager	DEBUG	Starting provider: PreviousExperimentProvider
1501668011600	addons.manager	DEBUG	Registering shutdown blocker for PreviousExperimentProvider
1501668011600	addons.manager	DEBUG	Provider finished startup: PreviousExperimentProvider
1501668011603	DeferredSave.extensions.json	DEBUG	Starting write
1501668011875	DeferredSave.extensions.json	DEBUG	Write succeeded
1501668011876	addons.xpi-utils	DEBUG	XPI Database saved, setting schema version preference to 19
[GFX1]: Potential driver version mismatch ignored due to missing DLLs igd10umd32 v= and igd10iumd32.dll v=0.0.0.0
1501668012907	Marionette	INFO	Listening on port 51910
[GPU 4836] WARNING: pipe error: 109: file c:/builds/moz2_slave/m-rel-w32-00000000000000000000/build/src/ipc/chromium/src/chrome/common/ipc_channel_win.cc, line 346
1501668013761	Marionette	WARN	TLS certificate errors will be ignored for this session
1501668013818	Marionette	DEBUG	loaded listener.js
1501668013850	Marionette	DEBUG	Received DOM event "beforeunload" for "about:blank"
1501668017293	Marionette	DEBUG	Received DOM event "pagehide" for "about:blank"
1501668017293	Marionette	DEBUG	Received DOM event "unload" for "about:blank"
1501668028798	Marionette	DEBUG	Received DOM event "DOMContentLoaded" for "http://www.cffex.com.cn/sj/ccpm/"
1501668046728	Marionette	DEBUG	Received DOM event "pageshow" for "http://www.cffex.com.cn/sj/ccpm/"
1501668072482	addons.productaddons	INFO	sending request to: https://aus5.mozilla.org/update/3/GMP/54.0.1/20170628075643/WINNT_x86-msvc-x64/zh-CN/release-cck-mozillaonline/Windows_NT%2010.0.0.0%20(x64)/MozillaOnline/2017.7/update.xml
1501668073894	addons.productaddons	INFO	Completed downloading document
1501668076072	addons.productaddons	INFO	downloadXHR File download. status=200
1501668076076	addons.productaddons	INFO	Downloaded file will be saved to C:\Users\RICHAR~1\AppData\Local\Temp\tmpaddon
1501668092203	addons.productaddons	INFO	downloadXHR File download. status=200
1501668092210	addons.productaddons	INFO	Downloaded file will be saved to C:\Users\RICHAR~1\AppData\Local\Temp\tmpaddon
1501668245111	addons.xpi	DEBUG	Calling bootstrap method shutdown on webcompat@mozilla.org version 1.1
1501668245112	addons.xpi	DEBUG	Calling bootstrap method shu1501671391166	addons.xpi	DEBUG	Calling bootstrap method shutdown on webcompat@mozilla.org version 1.1
1501671391167	addons.xpi	DEBUG	Calling bootstrap method shutdown on screenshots@mozilla.org version 6.6.0
1501671391167	addons.xpi	DEBUG	Calling bootstrap method shutdown on firefox@getpocket.com version 1.0.5
1501671391168	addons.xpi	DEBUG	Calling bootstrap method shutdown on e10srollout@mozilla.org version 1.50
1501671391169	addons.xpi	DEBUG	Calling bootstrap method shutdown on aushelper@mozilla.org version 2.0
[GPU 17332] WARNING: pipe error: 109: file c:/builds/moz2_slave/m-rel-w32-00000000000000000000/build/src/ipc/chromium/src/chrome/common/ipc_channel_win.cc, line 346
1501671391343	addons.manager	DEBUG	shutdown
1501671391344	addons.manager	DEBUG	Calling shutdown blocker for XPIProvider
1501671391344	addons.xpi	DEBUG	shutdown
1501671391344	addons.xpi-utils	DEBUG	shutdown
1501671391344	addons.manager	DEBUG	Calling shutdown blocker for LightweightThemeManager
1501671391345	addons.manager	DEBUG	Calling shutdown blocker for GMPProvider
1501671391347	addons.manager	DEBUG	Calling shutdown blocker for PluginProvider
1501671391348	addons.manager	DEBUG	Calling shutdown blocker for <unnamed-provider>
1501671391349	addons.manager	DEBUG	Calling shutdown blocker for PreviousExperimentProvider
1501671391351	addons.xpi	DEBUG	Notifying XPI shutdown observers
1501671391354	addons.manager	DEBUG	Async provider shutdown done
1501671391516	Marionette	INFO	Ceased listening

###!!! [Child][MessageChannel::SendAndWait] Error: Channel error: cannot send/recv

	DEBUG	Async provider shutdown done
1501668245353	Marionette	INFO	Ceased listening

###!!! [Child][MessageChannel::SendAndWait] Error: Channel error: cannot send/recv

emeManager
1501667915893	addons.manager	DEBUG	Calling shutdown blocker for GMPProvider
1501667915894	addons.manager	DEBUG	Calling shutdown blocker for PluginProvider
1501667915895	addons.manager	DEBUG	Calling shutdown blocker for <unnamed-provider>
1501667915896	addons.manager	DEBUG	Calling shutdown blocker for PreviousExperimentProvider
1501667915898	addons.xpi	DEBUG	Notifying XPI shutdown observers
1501667915903	addons.manager	DEBUG	Async provider shutdown done
1501667915991	Marionette	INFO	Ceased listening

###!!! [Child][MessageChannel::SendAndWait] Error: Channel error: cannot send/recv

